#
# A fatal error has been detected by the Java Runtime Environment:
#
#  EXCEPTION_ACCESS_VIOLATION (0xc0000005) at pc=0x000000006d25607c, pid=19104, tid=0x0000000000003a3c
#
# JRE version: Java(TM) SE Runtime Environment (8.0_261-b12) (build 1.8.0_261-b12)
# Java VM: Java HotSpot(TM) 64-Bit Server VM (25.261-b12 mixed mode windows-amd64 compressed oops)
# Problematic frame:
# V  [jvm.dll+0x11607c]
#
# Failed to write core dump. Minidumps are not enabled by default on client versions of Windows
#
# If you would like to submit a bug report, please visit:
#   http://bugreport.java.com/bugreport/crash.jsp
#

---------------  T H R E A D  ---------------

Current thread (0x00000194eb013800):  VMThread [stack: 0x0000008f63b00000,0x0000008f63c00000] [id=14908]

siginfo: ExceptionCode=0xc0000005, reading address 0x0000000000000008

Registers:
RAX=0x0000000000000000, RBX=0x0000008f63bff270, RCX=0x0000000000000000, RDX=0x0000000000000000
RSP=0x0000008f63bfefa0, RBP=0x0000000000000001, RSI=0x0000000000000001, RDI=0x000000006d925080
R8 =0x0000000000000000, R9 =0x00000194ea44acc8, R10=0x00000194ea8e10c0, R11=0x00000194ea44b137
R12=0x000000000000009e, R13=0x00000194ea8856b0, R14=0x00000000000000b2, R15=0x000000006d140000
RIP=0x000000006d25607c, EFLAGS=0x0000000000010202

Top of Stack: (sp=0x0000008f63bfefa0)
0x0000008f63bfefa0:   00000194eb013800 000000006d1d6978
0x0000008f63bfefb0:   00000194ea44b220 0000008f63bff0d0
0x0000008f63bfefc0:   000051f800000000 000000006d25a107
0x0000008f63bfefd0:   00000194ea44b220 000000006d256b22
0x0000008f63bfefe0:   000051f8fdd020f0 0000008f63bff270
0x0000008f63bfeff0:   00000000000000b2 0000008f63bff0d0
0x0000008f63bff000:   0000008f63bff270 000000006d2583f0
0x0000008f63bff010:   0000000000000067 0000000000000067
0x0000008f63bff020:   0000000000000001 0000000000000000
0x0000008f63bff030:   0000019400000067 000000006d1d6978
0x0000008f63bff040:   00000194ea44b220 0000008f63bff0d0
0x0000008f63bff050:   0000008f63bff0d0 0000000000000006
0x0000008f63bff060:   00000194eb013800 000000006d1d6978
0x0000008f63bff070:   000000006d140000 00000000000000b2
0x0000008f63bff080:   0000008f63bff100 00000000000000b2
0x0000008f63bff090:   00000194ea44b167 000000006d258cee 

Instructions: (pc=0x000000006d25607c)
0x000000006d25605c:   8b cf e8 3d 9f ff ff 8b d0 48 8b cf e8 23 c9 ff
0x000000006d25606c:   ff 48 63 c8 48 8b 44 cf 50 48 8d 3d 04 f0 6c 00
0x000000006d25607c:   0f b6 48 08 8b 05 f6 ef 6c 00 80 f9 4c 74 2b 80
0x000000006d25608c:   f9 5b 74 26 80 f9 4a 74 18 80 f9 44 74 13 80 f9 


Register to memory mapping:

RAX=0x0000000000000000 is an unknown value
RBX=0x0000008f63bff270 is an unknown value
RCX=0x0000000000000000 is an unknown value
RDX=0x0000000000000000 is an unknown value
RSP=0x0000008f63bfefa0 is an unknown value
RBP=0x0000000000000001 is an unknown value
RSI=0x0000000000000001 is an unknown value
RDI=0x000000006d925080 is an unknown value
R8 =0x0000000000000000 is an unknown value
R9 =0x00000194ea44acc8 is pointing into metadata
R10=0x00000194ea8e10c0 is an unknown value
R11=0x00000194ea44b137 is pointing into metadata
R12=0x000000000000009e is an unknown value
R13=0x00000194ea8856b0 is an unknown value
R14=0x00000000000000b2 is an unknown value
R15=0x000000006d140000 is an unknown value


Stack: [0x0000008f63b00000,0x0000008f63c00000],  sp=0x0000008f63bfefa0,  free space=1019k
Native frames: (J=compiled Java code, j=interpreted, Vv=VM code, C=native code)
V  [jvm.dll+0x11607c]
V  [jvm.dll+0x1183f0]
V  [jvm.dll+0x118cee]
V  [jvm.dll+0x11635a]
V  [jvm.dll+0x1154ea]
V  [jvm.dll+0xdccbb]
V  [jvm.dll+0xdd753]
V  [jvm.dll+0x1222f4]
V  [jvm.dll+0x145520]
V  [jvm.dll+0x1c9491]
V  [jvm.dll+0x255637]
V  [jvm.dll+0x253da5]
V  [jvm.dll+0x25451c]
V  [jvm.dll+0x25482c]
V  [jvm.dll+0x2a1cfc]
C  [ucrtbase.dll+0x20e82]
C  [KERNEL32.DLL+0x17bd4]
C  [ntdll.dll+0x6ce51]

VM_Operation (0x0000008f640ff840): GetOrSetLocal, mode: safepoint, requested by thread 0x00000194eb0cd000


---------------  P R O C E S S  ---------------

Java Threads: ( => current thread )
  0x00000194ebf59800 JavaThread "Service Thread" daemon [_thread_blocked, id=2244, stack(0x0000008f64600000,0x0000008f64700000)]
  0x00000194ebed8800 JavaThread "C1 CompilerThread2" daemon [_thread_blocked, id=9684, stack(0x0000008f64500000,0x0000008f64600000)]
  0x00000194ebed4000 JavaThread "C2 CompilerThread1" daemon [_thread_blocked, id=9196, stack(0x0000008f64400000,0x0000008f64500000)]
  0x00000194ebed2000 JavaThread "C2 CompilerThread0" daemon [_thread_blocked, id=11420, stack(0x0000008f64300000,0x0000008f64400000)]
  0x00000194eb0e3800 JavaThread "JDWP Command Reader" daemon [_thread_in_native, id=11072, stack(0x0000008f64200000,0x0000008f64300000)]
  0x00000194eb0d5800 JavaThread "JDWP Event Helper Thread" daemon [_thread_blocked, id=15436, stack(0x0000008f64100000,0x0000008f64200000)]
  0x00000194eb0cd000 JavaThread "JDWP Transport Listener: dt_socket" daemon [_thread_blocked, id=11196, stack(0x0000008f64000000,0x0000008f64100000)]
  0x00000194eb0b1000 JavaThread "Attach Listener" daemon [_thread_blocked, id=12872, stack(0x0000008f63f00000,0x0000008f64000000)]
  0x00000194eb0b0800 JavaThread "Signal Dispatcher" daemon [_thread_blocked, id=10844, stack(0x0000008f63e00000,0x0000008f63f00000)]
  0x00000194eb036800 JavaThread "Finalizer" daemon [_thread_blocked, id=19100, stack(0x0000008f63d00000,0x0000008f63e00000)]
  0x00000194ea903000 JavaThread "Reference Handler" daemon [_thread_blocked, id=3748, stack(0x0000008f63c00000,0x0000008f63d00000)]
  0x00000194d48f9800 JavaThread "main" [_thread_blocked, id=12708, stack(0x0000008f63600000,0x0000008f63700000)]

Other Threads:
=>0x00000194eb013800 VMThread [stack: 0x0000008f63b00000,0x0000008f63c00000] [id=14908]
  0x00000194ebfdb800 WatcherThread [stack: 0x0000008f64700000,0x0000008f64800000] [id=13456]

VM state:at safepoint (normal execution)

VM Mutex/Monitor currently owned by a thread:  ([mutex/lock_event])
[0x00000194d48f88f0] Threads_lock - owner thread: 0x00000194eb013800

heap address: 0x0000000081a00000, size: 2022 MB, Compressed Oops mode: 32-bit
Narrow klass base: 0x0000000000000000, Narrow klass shift: 3
Compressed class space size: 1073741824 Address: 0x0000000100000000

Heap:
 PSYoungGen      total 38400K, used 6049K [0x00000000d5e00000, 0x00000000d8880000, 0x0000000100000000)
  eden space 33280K, 18% used [0x00000000d5e00000,0x00000000d63e8420,0x00000000d7e80000)
  from space 5120K, 0% used [0x00000000d8380000,0x00000000d8380000,0x00000000d8880000)
  to   space 5120K, 0% used [0x00000000d7e80000,0x00000000d7e80000,0x00000000d8380000)
 ParOldGen       total 87552K, used 0K [0x0000000081a00000, 0x0000000086f80000, 0x00000000d5e00000)
  object space 87552K, 0% used [0x0000000081a00000,0x0000000081a00000,0x0000000086f80000)
 Metaspace       used 4863K, capacity 4934K, committed 5248K, reserved 1056768K
  class space    used 520K, capacity 561K, committed 640K, reserved 1048576K

Card table byte_map: [0x00000194e5630000,0x00000194e5a30000] byte_map_base: 0x00000194e5223000

Marking Bits: (ParMarkBitMap*) 0x000000006d934fb0
 Begin Bits: [0x00000194e5ce0000, 0x00000194e7c78000)
 End Bits:   [0x00000194e7c78000, 0x00000194e9c10000)

Polling page: 0x00000194d49f0000

CodeCache: size=245760Kb used=1367Kb max_used=1383Kb free=244392Kb
 bounds [0x00000194d6270000, 0x00000194d64e0000, 0x00000194e5270000]
 total_blobs=410 nmethods=123 adapters=208
 compilation: enabled

Compilation events (10 events):
Event: 2.675 Thread 0x00000194ebed8800  119       1       java.nio.Buffer::position (5 bytes)
Event: 2.675 Thread 0x00000194ebed8800 nmethod 119 0x00000194d63c3bd0 code [0x00000194d63c3d20, 0x00000194d63c3e38]
Event: 21.553 Thread 0x00000194ebed8800  120       3       org.eclipse.jdt.launching.internal.org.objectweb.asm.ClassReader::readUnsignedShort (26 bytes)
Event: 21.554 Thread 0x00000194ebed8800 nmethod 120 0x00000194d63c37d0 code [0x00000194d63c3920, 0x00000194d63c3ad8]
Event: 21.554 Thread 0x00000194ebed8800  121       3       org.eclipse.jdt.launching.internal.org.objectweb.asm.ClassReader::readUtf (44 bytes)
Event: 21.555 Thread 0x00000194ebed8800 nmethod 121 0x00000194d63c8b90 code [0x00000194d63c8d20, 0x00000194d63c91b0]
Event: 33.923 Thread 0x00000194ebed8800  122       3       org.eclipse.jdt.launching.internal.org.objectweb.asm.ClassReader::getItem (7 bytes)
Event: 33.923 Thread 0x00000194ebed8800 nmethod 122 0x00000194d63c3390 code [0x00000194d63c34e0, 0x00000194d63c3658]
Event: 33.923 Thread 0x00000194ebed8800  123       3       org.eclipse.jdt.launching.internal.org.objectweb.asm.Symbol::<init> (38 bytes)
Event: 33.924 Thread 0x00000194ebed8800 nmethod 123 0x00000194d63c8750 code [0x00000194d63c88a0, 0x00000194d63c8ab8]

GC Heap History (0 events):
No events

Deoptimization events (0 events):
No events

Classes redefined (2 events):
Event: 21.555 Thread 0x00000194eb013800 redefined class name=implementation.BOJ_2108, count=1
Event: 33.924 Thread 0x00000194eb013800 redefined class name=implementation.BOJ_2108, count=2

Internal exceptions (2 events):
Event: 0.047 Thread 0x00000194d48f9800 Exception <a 'java/lang/NoSuchMethodError': Method sun.misc.Unsafe.defineClass(Ljava/lang/String;[BII)Ljava/lang/Class; name or signature does not match> (0x00000000d5e07cc0) thrown at [C:\jenkins\workspace\8-2-build-windows-amd64-cygwin\jdk8u261\295\hots
Event: 0.047 Thread 0x00000194d48f9800 Exception <a 'java/lang/NoSuchMethodError': Method sun.misc.Unsafe.prefetchRead(Ljava/lang/Object;J)V name or signature does not match> (0x00000000d5e07fa8) thrown at [C:\jenkins\workspace\8-2-build-windows-amd64-cygwin\jdk8u261\295\hotspot\src\share\vm\p

Events (10 events):
Event: 34.039 Executing VM operation: GetCurrentContendedMonitor done
Event: 36.430 Executing VM operation: GetCurrentContendedMonitor
Event: 36.430 Executing VM operation: GetCurrentContendedMonitor done
Event: 36.430 Executing VM operation: GetOwnedMonitorInfo
Event: 36.430 Executing VM operation: GetOwnedMonitorInfo done
Event: 37.737 Executing VM operation: GetCurrentContendedMonitor
Event: 37.737 Executing VM operation: GetCurrentContendedMonitor done
Event: 37.737 Executing VM operation: GetOwnedMonitorInfo
Event: 37.737 Executing VM operation: GetOwnedMonitorInfo done
Event: 39.422 Executing VM operation: GetOrSetLocal


Dynamic libraries:
0x00007ff7e4260000 - 0x00007ff7e42a7000 	C:\Program Files\Java\jre1.8.0_261\bin\javaw.exe
0x00007ffcfe020000 - 0x00007ffcfe210000 	C:\WINDOWS\SYSTEM32\ntdll.dll
0x00007ffcfc9f0000 - 0x00007ffcfcaa2000 	C:\WINDOWS\System32\KERNEL32.DLL
0x00007ffcfb920000 - 0x00007ffcfbbc5000 	C:\WINDOWS\System32\KERNELBASE.dll
0x00007ffcfc600000 - 0x00007ffcfc6a3000 	C:\WINDOWS\System32\ADVAPI32.dll
0x00007ffcfcb20000 - 0x00007ffcfcbbe000 	C:\WINDOWS\System32\msvcrt.dll
0x00007ffcfc950000 - 0x00007ffcfc9e7000 	C:\WINDOWS\System32\sechost.dll
0x00007ffcfcbd0000 - 0x00007ffcfccf0000 	C:\WINDOWS\System32\RPCRT4.dll
0x00007ffcfc6e0000 - 0x00007ffcfc875000 	C:\WINDOWS\System32\USER32.dll
0x00007ffcfbdf0000 - 0x00007ffcfbe11000 	C:\WINDOWS\System32\win32u.dll
0x00007ffcfc6b0000 - 0x00007ffcfc6d6000 	C:\WINDOWS\System32\GDI32.dll
0x00007ffcfbc50000 - 0x00007ffcfbde6000 	C:\WINDOWS\System32\gdi32full.dll
0x00007ffcfb880000 - 0x00007ffcfb91e000 	C:\WINDOWS\System32\msvcp_win.dll
0x00007ffcfafb0000 - 0x00007ffcfb0aa000 	C:\WINDOWS\System32\ucrtbase.dll
0x00007ffcf1c60000 - 0x00007ffcf1ee4000 	C:\WINDOWS\WinSxS\amd64_microsoft.windows.common-controls_6595b64144ccf1df_6.0.18362.1082_none_9e8193e1e45b25c1\COMCTL32.dll
0x00007ffcfc130000 - 0x00007ffcfc465000 	C:\WINDOWS\System32\combase.dll
0x00007ffcfbbd0000 - 0x00007ffcfbc50000 	C:\WINDOWS\System32\bcryptPrimitives.dll
0x00007ffcfc5d0000 - 0x00007ffcfc5fe000 	C:\WINDOWS\System32\IMM32.DLL
0x00007ffcf3f30000 - 0x00007ffcf3f45000 	C:\Program Files\Java\jre1.8.0_261\bin\vcruntime140.dll
0x00007ffce2760000 - 0x00007ffce27fb000 	C:\Program Files\Java\jre1.8.0_261\bin\msvcp140.dll
0x000000006d140000 - 0x000000006d9ac000 	C:\Program Files\Java\jre1.8.0_261\bin\server\jvm.dll
0x00007ffcfd8b0000 - 0x00007ffcfd8b8000 	C:\WINDOWS\System32\PSAPI.DLL
0x00007ffcf7bf0000 - 0x00007ffcf7c14000 	C:\WINDOWS\SYSTEM32\WINMM.dll
0x00007ffcf2db0000 - 0x00007ffcf2dba000 	C:\WINDOWS\SYSTEM32\VERSION.dll
0x00007ffcf77f0000 - 0x00007ffcf781d000 	C:\WINDOWS\SYSTEM32\WINMMBASE.dll
0x00007ffcfb830000 - 0x00007ffcfb87a000 	C:\WINDOWS\System32\cfgmgr32.dll
0x00007ffce7950000 - 0x00007ffce7959000 	C:\WINDOWS\SYSTEM32\WSOCK32.dll
0x00007ffcfc8e0000 - 0x00007ffcfc94f000 	C:\WINDOWS\System32\WS2_32.dll
0x00007ffcfaef0000 - 0x00007ffcfaf01000 	C:\WINDOWS\System32\kernel.appcore.dll
0x00007ffcf6610000 - 0x00007ffcf6620000 	C:\Program Files\Java\jre1.8.0_261\bin\verify.dll
0x00007ffcef3b0000 - 0x00007ffcef3db000 	C:\Program Files\Java\jre1.8.0_261\bin\java.dll
0x00007ffcf1680000 - 0x00007ffcf16b6000 	C:\Program Files\Java\jre1.8.0_261\bin\jdwp.dll
0x00007ffcf4a70000 - 0x00007ffcf4a79000 	C:\Program Files\Java\jre1.8.0_261\bin\npt.dll
0x00007ffcf1640000 - 0x00007ffcf1672000 	C:\Program Files\Java\jre1.8.0_261\bin\instrument.dll
0x00007ffcf5360000 - 0x00007ffcf5378000 	C:\Program Files\Java\jre1.8.0_261\bin\zip.dll
0x00007ffcfce50000 - 0x00007ffcfd537000 	C:\WINDOWS\System32\SHELL32.dll
0x00007ffcfde00000 - 0x00007ffcfdea9000 	C:\WINDOWS\System32\shcore.dll
0x00007ffcfb0b0000 - 0x00007ffcfb830000 	C:\WINDOWS\System32\windows.storage.dll
0x00007ffcfaf60000 - 0x00007ffcfaf83000 	C:\WINDOWS\System32\profapi.dll
0x00007ffcfaf10000 - 0x00007ffcfaf5a000 	C:\WINDOWS\System32\powrprof.dll
0x00007ffcfaee0000 - 0x00007ffcfaef0000 	C:\WINDOWS\System32\UMPDC.dll
0x00007ffcfc880000 - 0x00007ffcfc8d2000 	C:\WINDOWS\System32\shlwapi.dll
0x00007ffcfbf30000 - 0x00007ffcfbf47000 	C:\WINDOWS\System32\cryptsp.dll
0x00007ffcf3d70000 - 0x00007ffcf3d7a000 	C:\Program Files\Java\jre1.8.0_261\bin\dt_socket.dll
0x00007ffce4190000 - 0x00007ffce41a6000 	C:\WINDOWS\system32\napinsp.dll
0x00007ffce43d0000 - 0x00007ffce43ea000 	C:\WINDOWS\system32\pnrpnsp.dll
0x00007ffcf6590000 - 0x00007ffcf65a5000 	C:\WINDOWS\system32\wshbth.dll
0x00007ffcf6530000 - 0x00007ffcf654c000 	C:\WINDOWS\system32\NLAapi.dll
0x00007ffcfa3e0000 - 0x00007ffcfa41a000 	C:\WINDOWS\SYSTEM32\IPHLPAPI.DLL
0x00007ffcfa6d0000 - 0x00007ffcfa737000 	C:\WINDOWS\System32\mswsock.dll
0x00007ffcfa420000 - 0x00007ffcfa4eb000 	C:\WINDOWS\SYSTEM32\DNSAPI.dll
0x00007ffcfc5c0000 - 0x00007ffcfc5c8000 	C:\WINDOWS\System32\NSI.dll
0x00007ffce5ad0000 - 0x00007ffce5ade000 	C:\WINDOWS\System32\winrnr.dll
0x00007ffcf1770000 - 0x00007ffcf17e7000 	C:\WINDOWS\System32\fwpuclnt.dll
0x00007ffcfc0a0000 - 0x00007ffcfc0c6000 	C:\WINDOWS\System32\bcrypt.dll
0x00007ffcf0360000 - 0x00007ffcf036a000 	C:\Windows\System32\rasadhlp.dll
0x00007ffcf97f0000 - 0x00007ffcf99e4000 	C:\WINDOWS\SYSTEM32\dbghelp.dll

VM Arguments:
jvm_args: -agentlib:jdwp=transport=dt_socket,suspend=y,address=localhost:13881 -javaagent:C:\Users\kimja\eclipse\java-2020-06\eclipse\configuration\org.eclipse.osgi\222\0\.cp\lib\javaagent-shaded.jar -Dfile.encoding=MS949 
java_command: implementation.BOJ_2108
java_class_path (initial): C:\Users\kimja\git\algorithm_java\bin;C:\Users\kimja\eclipse\java-2020-06\eclipse\configuration\org.eclipse.osgi\222\0\.cp\lib\javaagent-shaded.jar
Launcher Type: SUN_STANDARD

Environment Variables:
PATH=C:/Program Files/Java/jre1.8.0_261/bin/server;C:/Program Files/Java/jre1.8.0_261/bin;C:/Program Files/Java/jre1.8.0_261/lib/amd64;C:\Python38\Scripts\;C:\Python38\;C:\app\kimja\product\11.2.0\dbhome_1\bin;C:\Program Files (x86)\Common Files\Oracle\Java\javapath;C:\WINDOWS\system32;C:\WINDOWS;C:\WINDOWS\System32\Wbem;C:\WINDOWS\System32\WindowsPowerShell\v1.0\;C:\WINDOWS\System32\OpenSSH\;C:\Program Files\Java\jdk1.8.0_261\bin;C:\Program Files\nodejs\;C:\ProgramData\chocolatey\bin;C:\Program Files\Git\cmd;C:\Users\kimja\AppData\Local\Microsoft\WindowsApps;C:\Users\kimja\AppData\Roaming\npm;C:\Users\kimja\AppData\Local\Programs\Microsoft VS Code\bin;C:\WINDOWS\System32;
USERNAME=kimja
OS=Windows_NT
PROCESSOR_IDENTIFIER=Intel64 Family 6 Model 94 Stepping 3, GenuineIntel



---------------  S Y S T E M  ---------------

OS: Windows 10.0 , 64 bit Build 18362 (10.0.18362.1082)

CPU:total 4 (initial active 4) (4 cores per cpu, 1 threads per core) family 6 model 94 stepping 3, cmov, cx8, fxsr, mmx, sse, sse2, sse3, ssse3, sse4.1, sse4.2, popcnt, avx, avx2, aes, clmul, erms, rtm, 3dnowpref, lzcnt, tsc, tscinvbit, bmi1, bmi2, adx

Memory: 4k page, physical 8275968k(1905808k free), swap 19399320k(6550844k free)

vm_info: Java HotSpot(TM) 64-Bit Server VM (25.261-b12) for windows-amd64 JRE (1.8.0_261-b12), built on Jun 18 2020 06:56:32 by "" with unknown MS VC++:1916

time: Tue Oct 13 08:51:13 2020
timezone: ¢¥eCN©öI¡¾©ö C¡ÍA¨ª¨öA
elapsed time: 39 seconds (0d 0h 0m 39s)

